<?xml version="1.0" encoding="UTF-8"?>
<testng-results ignored="0" total="1" passed="1" failed="0" skipped="0">
  <reporter-output>
  </reporter-output>
  <suite started-at="2021-12-13T15:02:30Z" name="Surefire suite" finished-at="2021-12-13T15:02:30Z" duration-ms="22">
    <groups>
    </groups>
    <test started-at="2021-12-13T15:02:30Z" name="Surefire test" finished-at="2021-12-13T15:02:30Z" duration-ms="22">
      <class name="qaclickacademy.STest">
        <test-method signature="systemlol()[pri:0, instance:qaclickacademy.STest@74a10858]" started-at="2021-12-13T15:02:30Z" name="systemlol" finished-at="2021-12-13T15:02:30Z" duration-ms="5" status="PASS">
          <reporter-output>
          </reporter-output>
        </test-method> <!-- systemlol -->
      </class> <!-- qaclickacademy.STest -->
    </test> <!-- Surefire test -->
  </suite> <!-- Surefire suite -->
</testng-results>
