<?xml version="1.0" encoding="UTF-8"?>
<testng-results ignored="0" total="2" passed="2" failed="0" skipped="0">
  <reporter-output>
  </reporter-output>
  <suite started-at="2022-03-19T22:39:12 SGT" name="Default suite" finished-at="2022-03-19T22:39:12 SGT" duration-ms="44">
    <groups>
    </groups>
    <test started-at="2022-03-19T22:39:12 SGT" name="Default test" finished-at="2022-03-19T22:39:12 SGT" duration-ms="44">
      <class name="qaclickacademy.STest">
        <test-method signature="browser()[pri:0, instance:qaclickacademy.STest@79b06cab]" started-at="2022-03-19T22:39:12 SGT" name="browser" finished-at="2022-03-19T22:39:12 SGT" duration-ms="7" status="PASS">
          <reporter-output>
          </reporter-output>
        </test-method> <!-- browser -->
        <test-method signature="systemlol()[pri:0, instance:qaclickacademy.STest@79b06cab]" started-at="2022-03-19T22:39:12 SGT" name="systemlol" finished-at="2022-03-19T22:39:12 SGT" duration-ms="2" status="PASS">
          <reporter-output>
          </reporter-output>
        </test-method> <!-- systemlol -->
      </class> <!-- qaclickacademy.STest -->
    </test> <!-- Default test -->
  </suite> <!-- Default suite -->
</testng-results>
